\BOOKMARK [0][-]{section*.1}{\376\377\000C\000o\000n\000t\000e\000n\000t\000s}{}% 1
\BOOKMARK [0][-]{chapter.1}{\376\377\000I\000n\000t\000r\000o\000d\000u\000c\000t\000i\000o\000n}{}% 2
\BOOKMARK [1][-]{section.1.1}{\376\377\000F\000e\000a\000t\000u\000r\000e\000s}{chapter.1}% 3
\BOOKMARK [2][-]{subsection.1.1.1}{\376\377\000E\000x\000t\000r\000a\000\040\000p\000a\000c\000k\000a\000g\000e\000\040\000i\000n\000c\000l\000u\000d\000e\000s}{section.1.1}% 4
\BOOKMARK [2][-]{subsection.1.1.2}{\376\377\000L\000a\000y\000o\000u\000t\000\040\000s\000e\000t\000u\000p}{section.1.1}% 5
\BOOKMARK [2][-]{subsection.1.1.3}{\376\377\000T\000h\000e\000o\000r\000e\000m\000\040\000s\000e\000t\000u\000p}{section.1.1}% 6
\BOOKMARK [2][-]{subsection.1.1.4}{\376\377\000M\000a\000c\000r\000o\000\040\000s\000e\000t\000u\000p}{section.1.1}% 7
\BOOKMARK [0][-]{chapter.2}{\376\377\000D\000a\000t\000a\000\040\000S\000e\000t}{}% 8
\BOOKMARK [1][-]{section.2.1}{\376\377\000L\000a\000b\000e\000l\000l\000e\000d\000\040\000P\000u\000p\000i\000l\000s\000\040\000i\000n\000\040\000t\000h\000e\000\040\000W\000i\000l\000d\000\040\000\050\000L\000P\000W\000\051}{chapter.2}% 9
\BOOKMARK [2][-]{subsection.2.1.1}{\376\377\000D\000e\000s\000c\000r\000i\000p\000t\000i\000o\000n}{section.2.1}% 10
\BOOKMARK [2][-]{subsection.2.1.2}{\376\377\000P\000r\000o\000c\000e\000d\000u\000r\000e}{section.2.1}% 11
\BOOKMARK [2][-]{subsection.2.1.3}{\376\377\000G\000r\000o\000u\000n\000d\000\040\000t\000r\000u\000t\000h\000\040\000a\000n\000n\000o\000t\000a\000t\000i\000o\000n}{section.2.1}% 12
\BOOKMARK [2][-]{subsection.2.1.4}{\376\377\000F\000o\000l\000d\000e\000r\000\040\000s\000t\000r\000u\000c\000t\000u\000r\000e}{section.2.1}% 13
\BOOKMARK [1][-]{section.2.2}{\376\377\000E\000y\000e\000\040\000c\000h\000a\000r\000a\000c\000t\000e\000r\000i\000s\000t\000i\000c\000s}{chapter.2}% 14
\BOOKMARK [2][-]{subsection.2.2.1}{\376\377\000A\000n\000a\000t\000o\000m\000y\000\040\000o\000f\000\040\000t\000h\000e\000\040\000e\000y\000e}{section.2.2}% 15
\BOOKMARK [2][-]{subsection.2.2.2}{\376\377\000I\000m\000a\000g\000e\000\040\000c\000h\000a\000r\000a\000c\000t\000e\000r\000i\000s\000t\000i\000c\000s}{section.2.2}% 16
\BOOKMARK [0][-]{chapter.3}{\376\377\000T\000h\000e\000o\000r\000y}{}% 17
\BOOKMARK [1][-]{section.3.1}{\376\377\000A\000l\000g\000o\000r\000i\000t\000h\000m\000s}{chapter.3}% 18
\BOOKMARK [2][-]{subsection.3.1.1}{\376\377\000F\000u\000n\000d\000a\000m\000e\000n\000t\000a\000l\000\040\000n\000o\000t\000a\000t\000i\000o\000n}{section.3.1}% 19
\BOOKMARK [2][-]{subsection.3.1.2}{\376\377\000P\000r\000e\000p\000r\000o\000c\000e\000s\000s\000i\000n\000g}{section.3.1}% 20
\BOOKMARK [2][-]{subsection.3.1.3}{\376\377\000E\000d\000g\000e\000\040\000D\000e\000t\000e\000c\000t\000i\000o\000n}{section.3.1}% 21
\BOOKMARK [2][-]{subsection.3.1.4}{\376\377\000T\000h\000r\000e\000s\000h\000o\000l\000d\000i\000n\000g\000\040\000a\000n\000d\000\040\000E\000l\000l\000i\000p\000s\000e\000\040\000f\000i\000t\000t\000i\000n\000g}{section.3.1}% 22
\BOOKMARK [0][-]{chapter.4}{\376\377\000T\000h\000e\000o\000r\000y}{}% 23
\BOOKMARK [1][-]{section.4.1}{\376\377\000A\000l\000g\000o\000r\000i\000t\000h\000m\000s}{chapter.4}% 24
\BOOKMARK [2][-]{subsection.4.1.1}{\376\377\000P\000r\000e\000p\000r\000o\000c\000e\000s\000s\000i\000n\000g}{section.4.1}% 25
\BOOKMARK [1][-]{section.4.2}{\376\377\000G\000a\000u\000s\000s\000i\000a\000n\000\040\000b\000l\000u\000r}{chapter.4}% 26
\BOOKMARK [2][-]{subsection.4.2.1}{\376\377\000D\000e\000f\000i\000n\000i\000t\000i\000o\000n\000\040\000R\000A\000N\000S\000A\000C}{section.4.2}% 27
\BOOKMARK [1][-]{section.4.3}{\376\377\000C\000a\000n\000n\000y\000\040\000E\000d\000g\000e\000\040\000D\000e\000t\000e\000c\000t\000i\000o\000n}{chapter.4}% 28
\BOOKMARK [2][-]{subsection.4.3.1}{\376\377\000D\000e\000f\000i\000n\000i\000t\000i\000o\000n\000\040\000C\000a\000n\000n\000y\000\040\000E\000d\000g\000e\000\040\000D\000e\000t\000e\000c\000t\000i\000o\000n}{section.4.3}% 29
\BOOKMARK [1][-]{section.4.4}{\376\377\000A\000c\000t\000i\000v\000e\000\040\000C\000o\000n\000t\000u\000r}{chapter.4}% 30
\BOOKMARK [2][-]{subsection.4.4.1}{\376\377\000D\000e\000f\000i\000n\000i\000t\000i\000o\000n\000\040\000A\000c\000t\000i\000v\000e\000\040\000C\000o\000u\000n\000t\000u\000r}{section.4.4}% 31
\BOOKMARK [0][-]{chapter.5}{\376\377\000W\000r\000i\000t\000i\000n\000g\000\040\000s\000c\000i\000e\000n\000t\000i\000f\000i\000c\000\040\000t\000e\000x\000t\000s\000\040\000i\000n\000\040\000E\000n\000g\000l\000i\000s\000h}{}% 32
\BOOKMARK [1][-]{section.5.1}{\376\377\000B\000a\000s\000i\000c\000\040\000w\000r\000i\000t\000i\000n\000g\000\040\000r\000u\000l\000e\000s}{chapter.5}% 33
\BOOKMARK [1][-]{section.5.2}{\376\377\000B\000e\000i\000n\000g\000\040\000n\000i\000c\000e\000\040\000t\000o\000\040\000t\000h\000e\000\040\000r\000e\000a\000d\000e\000r}{chapter.5}% 34
\BOOKMARK [1][-]{section.5.3}{\376\377\000A\000\040\000f\000e\000w\000\040\000i\000m\000p\000o\000r\000t\000a\000n\000t\000\040\000g\000r\000a\000m\000m\000a\000r\000\040\000r\000u\000l\000e\000s}{chapter.5}% 35
\BOOKMARK [1][-]{section.5.4}{\376\377\000T\000h\000i\000n\000g\000s\000\040\000y\000o\000u\000\040\000\050\000u\000s\000u\000a\000l\000l\000y\000\051\000\040\000d\000o\000n\000'\000t\000\040\000s\000a\000y\000\040\000i\000n\000\040\000E\000n\000g\000l\000i\000s\000h}{chapter.5}% 36
\BOOKMARK [0][-]{chapter.6}{\376\377\000T\000y\000p\000o\000g\000r\000a\000p\000h\000y}{}% 37
\BOOKMARK [1][-]{section.6.1}{\376\377\000P\000u\000n\000c\000t\000u\000a\000t\000i\000o\000n}{chapter.6}% 38
\BOOKMARK [1][-]{section.6.2}{\376\377\000S\000p\000a\000c\000i\000n\000g}{chapter.6}% 39
\BOOKMARK [1][-]{section.6.3}{\376\377\000C\000h\000o\000i\000c\000e\000\040\000o\000f\000\040\000`\000f\000o\000n\000t\000s\000'}{chapter.6}% 40
\BOOKMARK [1][-]{section.6.4}{\376\377\000D\000i\000s\000p\000l\000a\000y\000e\000d\000\040\000e\000q\000u\000a\000t\000i\000o\000n\000s}{chapter.6}% 41
\BOOKMARK [1][-]{section.6.5}{\376\377\000F\000l\000o\000a\000t\000s}{chapter.6}% 42
\BOOKMARK [0][-]{chapter.7}{\376\377\000E\000x\000a\000m\000p\000l\000e\000\040\000C\000h\000a\000p\000t\000e\000r}{}% 43
\BOOKMARK [1][-]{section.7.1}{\376\377\000E\000x\000a\000m\000p\000l\000e\000\040\000S\000e\000c\000t\000i\000o\000n}{chapter.7}% 44
\BOOKMARK [2][-]{subsection.7.1.1}{\376\377\000E\000x\000a\000m\000p\000l\000e\000\040\000S\000u\000b\000s\000e\000c\000t\000i\000o\000n}{section.7.1}% 45
\BOOKMARK [0][-]{appendix.A}{\376\377\000D\000u\000m\000m\000y\000\040\000A\000p\000p\000e\000n\000d\000i\000x}{}% 46
\BOOKMARK [0][-]{appendix*.51}{\376\377\000B\000i\000b\000l\000i\000o\000g\000r\000a\000p\000h\000y}{}% 47
